<?xml version="1.0" encoding="UTF-8"?>
<testsuite xmlns:xsi="http://www.w3.org/2001/XMLSchema-instance" xsi:noNamespaceSchemaLocation="https://maven.apache.org/surefire/maven-surefire-plugin/xsd/surefire-test-report-3.0.xsd" version="3.0" name="kk.DemoApplicationTests" time="5.607" tests="1" errors="0" skipped="0" failures="0">
  <properties>
[...]
</properties>
  <testcase name="testGenJwt" classname="kk.DemoApplicationTests" time="1.557">
    <system-out><![CDATA[15:54:52.805 [main] INFO org.springframework.test.context.support.AnnotationConfigContextLoaderUtils -- Could not detect default configuration classes for test class [kk.DemoApplicationTests]: DemoApplicationTests does not declare any static, non-private, non-final, nested classes annotated with @Configuration.
15:54:52.941 [main] INFO org.springframework.boot.test.context.SpringBootTestContextBootstrapper -- Found @SpringBootConfiguration kk.DemoApplication for test class kk.DemoApplicationTests
  .   ____          _            __ _ _
 /\\ / ___'_ __ _ _(_)_ __  __ _ \ \ \ \
( ( )\___ | '_ | '_| | '_ \/ _` | \ \ \ \
 \\/  ___)| |_)| | | | | || (_| |  ) ) ) )
  '  |____| .__|_| |_|_| |_\__, | / / / /
 =========|_|==============|___/=/_/_/_/

 :: Spring Boot ::                (v3.3.0)

2024-07-16T15:54:53.585+08:00  INFO 15264 --- [           main] kk.DemoApplicationTests                  : Starting DemoApplicationTests using Java 17.0.9 with PID 15264 (started by 康康 in D:\Desktop\code\java\code\javaweb\demo)
2024-07-16T15:54:53.588+08:00  INFO 15264 --- [           main] kk.DemoApplicationTests                  : No active profile set, falling back to 1 default profile: "default"
Logging initialized using 'class org.apache.ibatis.logging.stdout.StdOutImpl' adapter.


,------.                           ,--.  ,--.         ,--.                         
|  .--. '  ,--,--.  ,---.   ,---.  |  '--'  |  ,---.  |  |  ,---.   ,---.  ,--.--. 
|  '--' | ' ,-.  | | .-. | | .-. : |  .--.  | | .-. : |  | | .-. | | .-. : |  .--' 
|  | --'  \ '-'  | ' '-' ' \   --. |  |  |  | \   --. |  | | '-' ' \   --. |  |    
`--'       `--`--' .`-  /   `----' `--'  `--'  `----' `--' |  |-'   `----' `--'    
                   `---'                                   `--'                        is intercepting.

2024-07-16T15:54:56.612+08:00  INFO 15264 --- [           main] kk.DemoApplicationTests                  : Started DemoApplicationTests in 3.441 seconds (process running for 4.648)
eyJhbGciOiJIUzI1NiJ9.eyJuYW1lIjoia2siLCJpZCI6MSwiZXhwIjoxNzIxMTIwMDk4fQ.lHZNrUzhqETPvjUvryUZpj1u1x8ARXicHm5RWi7kMzI
]]></system-out>
  </testcase>
</testsuite>